[2020-10-08 15:29:24] local.ERROR: View [start_page] not found. {"exception":"[object] (InvalidArgumentException(code: 0): View [start_page] not found. at D:\
utnet-backend1\\vendor\\laravel\\framework\\src\\Illuminate\\View\\FileViewFinder.php:137)
[stacktrace]
#0 D:\
utnet-backend1\\vendor\\laravel\\framework\\src\\Illuminate\\View\\FileViewFinder.php(79): Illuminate\\View\\FileViewFinder->findInPaths()
#1 D:\
utnet-backend1\\vendor\\laravel\\framework\\src\\Illuminate\\View\\Factory.php(138): Illuminate\\View\\FileViewFinder->find()
#2 D:\
utnet-backend1\\vendor\\laravel\\framework\\src\\Illuminate\\Foundation\\helpers.php(897): Illuminate\\View\\Factory->make()
#3 closure://function () {
    return \\view('start_page');
}(3): view()
#4 D:\
utnet-backend1\\vendor\\laravel\\framework\\src\\Illuminate\\Routing\\Route.php(230): Illuminate\\Routing\\RouteFileRegistrar::{closure}()
#5 D:\
utnet-backend1\\vendor\\laravel\\framework\\src\\Illuminate\\Routing\\Route.php(200): Illuminate\\Routing\\Route->runCallable()
#6 D:\
utnet-backend1\\vendor\\laravel\\framework\\src\\Illuminate\\Routing\\Router.php(691): Illuminate\\Routing\\Route->run()
#7 D:\
utnet-backend1\\vendor\\laravel\\framework\\src\\Illuminate\\Pipeline\\Pipeline.php(128): Illuminate\\Routing\\Router->Illuminate\\Routing\\{closure}()
#8 D:\
utnet-backend1\\vendor\\laravel\\framework\\src\\Illuminate\\Routing\\Middleware\\SubstituteBindings.php(41): Illuminate\\Pipeline\\Pipeline->Illuminate\\Pipeline\\{closure}()
#9 D:\
utnet-backend1\\vendor\\laravel\\framework\\src\\Illuminate\\Pipeline\\Pipeline.php(167): Illuminate\\Routing\\Middleware\\SubstituteBindings->handle()
#10 D:\
utnet-backend1\\vendor\\laravel\\framework\\src\\Illuminate\\Foundation\\Http\\Middleware\\VerifyCsrfToken.php(77): Illuminate\\Pipeline\\Pipeline->Illuminate\\Pipeline\\{closure}()
#11 D:\
utnet-backend1\\vendor\\laravel\\framework\\src\\Illuminate\\Pipeline\\Pipeline.php(167): Illuminate\\Foundation\\Http\\Middleware\\VerifyCsrfToken->handle()
#12 D:\
utnet-backend1\\vendor\\laravel\\framework\\src\\Illuminate\\View\\Middleware\\ShareErrorsFromSession.php(49): Illuminate\\Pipeline\\Pipeline->Illuminate\\Pipeline\\{closure}()
#13 D:\
utnet-backend1\\vendor\\laravel\\framework\\src\\Illuminate\\Pipeline\\Pipeline.php(167): Illuminate\\View\\Middleware\\ShareErrorsFromSession->handle()
#14 D:\
utnet-backend1\\vendor\\laravel\\framework\\src\\Illuminate\\Session\\Middleware\\StartSession.php(121): Illuminate\\Pipeline\\Pipeline->Illuminate\\Pipeline\\{closure}()
#15 D:\
utnet-backend1\\vendor\\laravel\\framework\\src\\Illuminate\\Session\\Middleware\\StartSession.php(63): Illuminate\\Session\\Middleware\\StartSession->handleStatefulRequest()
#16 D:\
utnet-backend1\\vendor\\laravel\\framework\\src\\Illuminate\\Pipeline\\Pipeline.php(167): Illuminate\\Session\\Middleware\\StartSession->handle()
#17 D:\
utnet-backend1\\vendor\\laravel\\framework\\src\\Illuminate\\Cookie\\Middleware\\AddQueuedCookiesToResponse.php(37): Illuminate\\Pipeline\\Pipeline->Illuminate\\Pipeline\\{closure}()
#18 D:\
utnet-backend1\\vendor\\laravel\\framework\\src\\Illuminate\\Pipeline\\Pipeline.php(167): Illuminate\\Cookie\\Middleware\\AddQueuedCookiesToResponse->handle()
#19 D:\
utnet-backend1\\vendor\\laravel\\framework\\src\\Illuminate\\Cookie\\Middleware\\EncryptCookies.php(67): Illuminate\\Pipeline\\Pipeline->Illuminate\\Pipeline\\{closure}()
#20 D:\
utnet-backend1\\vendor\\laravel\\framework\\src\\Illuminate\\Pipeline\\Pipeline.php(167): Illuminate\\Cookie\\Middleware\\EncryptCookies->handle()
#21 D:\
utnet-backend1\\vendor\\laravel\\framework\\src\\Illuminate\\Pipeline\\Pipeline.php(103): Illuminate\\Pipeline\\Pipeline->Illuminate\\Pipeline\\{closure}()
#22 D:\
utnet-backend1\\vendor\\laravel\\framework\\src\\Illuminate\\Routing\\Router.php(693): Illuminate\\Pipeline\\Pipeline->then()
#23 D:\
utnet-backend1\\vendor\\laravel\\framework\\src\\Illuminate\\Routing\\Router.php(668): Illuminate\\Routing\\Router->runRouteWithinStack()
#24 D:\
utnet-backend1\\vendor\\laravel\\framework\\src\\Illuminate\\Routing\\Router.php(634): Illuminate\\Routing\\Router->runRoute()
#25 D:\
utnet-backend1\\vendor\\laravel\\framework\\src\\Illuminate\\Routing\\Router.php(623): Illuminate\\Routing\\Router->dispatchToRoute()
#26 D:\
utnet-backend1\\vendor\\laravel\\framework\\src\\Illuminate\\Foundation\\Http\\Kernel.php(166): Illuminate\\Routing\\Router->dispatch()
#27 D:\
utnet-backend1\\vendor\\laravel\\framework\\src\\Illuminate\\Pipeline\\Pipeline.php(128): Illuminate\\Foundation\\Http\\Kernel->Illuminate\\Foundation\\Http\\{closure}()
#28 D:\
utnet-backend1\\vendor\\laravel\\framework\\src\\Illuminate\\Foundation\\Http\\Middleware\\TransformsRequest.php(21): Illuminate\\Pipeline\\Pipeline->Illuminate\\Pipeline\\{closure}()
#29 D:\
utnet-backend1\\vendor\\laravel\\framework\\src\\Illuminate\\Pipeline\\Pipeline.php(167): Illuminate\\Foundation\\Http\\Middleware\\TransformsRequest->handle()
#30 D:\
utnet-backend1\\vendor\\laravel\\framework\\src\\Illuminate\\Foundation\\Http\\Middleware\\TransformsRequest.php(21): Illuminate\\Pipeline\\Pipeline->Illuminate\\Pipeline\\{closure}()
#31 D:\
utnet-backend1\\vendor\\laravel\\framework\\src\\Illuminate\\Pipeline\\Pipeline.php(167): Illuminate\\Foundation\\Http\\Middleware\\TransformsRequest->handle()
#32 D:\
utnet-backend1\\vendor\\laravel\\framework\\src\\Illuminate\\Foundation\\Http\\Middleware\\ValidatePostSize.php(27): Illuminate\\Pipeline\\Pipeline->Illuminate\\Pipeline\\{closure}()
#33 D:\
utnet-backend1\\vendor\\laravel\\framework\\src\\Illuminate\\Pipeline\\Pipeline.php(167): Illuminate\\Foundation\\Http\\Middleware\\ValidatePostSize->handle()
#34 D:\
utnet-backend1\\vendor\\laravel\\framework\\src\\Illuminate\\Foundation\\Http\\Middleware\\PreventRequestsDuringMaintenance.php(87): Illuminate\\Pipeline\\Pipeline->Illuminate\\Pipeline\\{closure}()
#35 D:\
utnet-backend1\\vendor\\laravel\\framework\\src\\Illuminate\\Pipeline\\Pipeline.php(167): Illuminate\\Foundation\\Http\\Middleware\\PreventRequestsDuringMaintenance->handle()
#36 D:\
utnet-backend1\\vendor\\fruitcake\\laravel-cors\\src\\HandleCors.php(37): Illuminate\\Pipeline\\Pipeline->Illuminate\\Pipeline\\{closure}()
#37 D:\
utnet-backend1\\vendor\\laravel\\framework\\src\\Illuminate\\Pipeline\\Pipeline.php(167): Fruitcake\\Cors\\HandleCors->handle()
#38 D:\
utnet-backend1\\vendor\\fideloper\\proxy\\src\\TrustProxies.php(57): Illuminate\\Pipeline\\Pipeline->Illuminate\\Pipeline\\{closure}()
#39 D:\
utnet-backend1\\vendor\\laravel\\framework\\src\\Illuminate\\Pipeline\\Pipeline.php(167): Fideloper\\Proxy\\TrustProxies->handle()
#40 D:\
utnet-backend1\\vendor\\laravel\\framework\\src\\Illuminate\\Pipeline\\Pipeline.php(103): Illuminate\\Pipeline\\Pipeline->Illuminate\\Pipeline\\{closure}()
#41 D:\
utnet-backend1\\vendor\\laravel\\framework\\src\\Illuminate\\Foundation\\Http\\Kernel.php(141): Illuminate\\Pipeline\\Pipeline->then()
#42 D:\
utnet-backend1\\vendor\\laravel\\framework\\src\\Illuminate\\Foundation\\Http\\Kernel.php(110): Illuminate\\Foundation\\Http\\Kernel->sendRequestThroughRouter()
#43 D:\
utnet-backend1\\public\\index.php(52): Illuminate\\Foundation\\Http\\Kernel->handle()
#44 D:\
utnet-backend1\\server.php(21): require_once('D:\\\
utnet-backe...')
#45 {main}
"} 
[2020-10-08 15:29:24] local.ERROR: file_put_contents(D:\nutnet-backend1\app\storage\framework/registration/jzRKCnFuKXZ5KbV4QqUF9gxVd0XWOjidPcioz7TX): failed to open stream: No such file or directory {"exception":"[object] (ErrorException(code: 0): file_put_contents(D:\
utnet-backend1\\app\\storage\\framework/registration/jzRKCnFuKXZ5KbV4QqUF9gxVd0XWOjidPcioz7TX): failed to open stream: No such file or directory at D:\
utnet-backend1\\vendor\\laravel\\framework\\src\\Illuminate\\Filesystem\\Filesystem.php:185)
[stacktrace]
#0 [internal function]: Illuminate\\Foundation\\Bootstrap\\HandleExceptions->handleError()
#1 D:\
utnet-backend1\\vendor\\laravel\\framework\\src\\Illuminate\\Filesystem\\Filesystem.php(185): file_put_contents()
#2 D:\
utnet-backend1\\vendor\\laravel\\framework\\src\\Illuminate\\Session\\FileSessionHandler.php(83): Illuminate\\Filesystem\\Filesystem->put()
#3 D:\
utnet-backend1\\vendor\\laravel\\framework\\src\\Illuminate\\Session\\Store.php(129): Illuminate\\Session\\FileSessionHandler->write()
#4 D:\
utnet-backend1\\vendor\\laravel\\framework\\src\\Illuminate\\Session\\Middleware\\StartSession.php(236): Illuminate\\Session\\Store->save()
#5 D:\
utnet-backend1\\vendor\\laravel\\framework\\src\\Illuminate\\Session\\Middleware\\StartSession.php(130): Illuminate\\Session\\Middleware\\StartSession->saveSession()
#6 D:\
utnet-backend1\\vendor\\laravel\\framework\\src\\Illuminate\\Session\\Middleware\\StartSession.php(63): Illuminate\\Session\\Middleware\\StartSession->handleStatefulRequest()
#7 D:\
utnet-backend1\\vendor\\laravel\\framework\\src\\Illuminate\\Pipeline\\Pipeline.php(167): Illuminate\\Session\\Middleware\\StartSession->handle()
#8 D:\
utnet-backend1\\vendor\\laravel\\framework\\src\\Illuminate\\Cookie\\Middleware\\AddQueuedCookiesToResponse.php(37): Illuminate\\Pipeline\\Pipeline->Illuminate\\Pipeline\\{closure}()
#9 D:\
utnet-backend1\\vendor\\laravel\\framework\\src\\Illuminate\\Pipeline\\Pipeline.php(167): Illuminate\\Cookie\\Middleware\\AddQueuedCookiesToResponse->handle()
#10 D:\
utnet-backend1\\vendor\\laravel\\framework\\src\\Illuminate\\Cookie\\Middleware\\EncryptCookies.php(67): Illuminate\\Pipeline\\Pipeline->Illuminate\\Pipeline\\{closure}()
#11 D:\
utnet-backend1\\vendor\\laravel\\framework\\src\\Illuminate\\Pipeline\\Pipeline.php(167): Illuminate\\Cookie\\Middleware\\EncryptCookies->handle()
#12 D:\
utnet-backend1\\vendor\\laravel\\framework\\src\\Illuminate\\Pipeline\\Pipeline.php(103): Illuminate\\Pipeline\\Pipeline->Illuminate\\Pipeline\\{closure}()
#13 D:\
utnet-backend1\\vendor\\laravel\\framework\\src\\Illuminate\\Routing\\Router.php(693): Illuminate\\Pipeline\\Pipeline->then()
#14 D:\
utnet-backend1\\vendor\\laravel\\framework\\src\\Illuminate\\Routing\\Router.php(668): Illuminate\\Routing\\Router->runRouteWithinStack()
#15 D:\
utnet-backend1\\vendor\\laravel\\framework\\src\\Illuminate\\Routing\\Router.php(634): Illuminate\\Routing\\Router->runRoute()
#16 D:\
utnet-backend1\\vendor\\laravel\\framework\\src\\Illuminate\\Routing\\Router.php(623): Illuminate\\Routing\\Router->dispatchToRoute()
#17 D:\
utnet-backend1\\vendor\\laravel\\framework\\src\\Illuminate\\Foundation\\Http\\Kernel.php(166): Illuminate\\Routing\\Router->dispatch()
#18 D:\
utnet-backend1\\vendor\\laravel\\framework\\src\\Illuminate\\Pipeline\\Pipeline.php(128): Illuminate\\Foundation\\Http\\Kernel->Illuminate\\Foundation\\Http\\{closure}()
#19 D:\
utnet-backend1\\vendor\\laravel\\framework\\src\\Illuminate\\Foundation\\Http\\Middleware\\TransformsRequest.php(21): Illuminate\\Pipeline\\Pipeline->Illuminate\\Pipeline\\{closure}()
#20 D:\
utnet-backend1\\vendor\\laravel\\framework\\src\\Illuminate\\Pipeline\\Pipeline.php(167): Illuminate\\Foundation\\Http\\Middleware\\TransformsRequest->handle()
#21 D:\
utnet-backend1\\vendor\\laravel\\framework\\src\\Illuminate\\Foundation\\Http\\Middleware\\TransformsRequest.php(21): Illuminate\\Pipeline\\Pipeline->Illuminate\\Pipeline\\{closure}()
#22 D:\
utnet-backend1\\vendor\\laravel\\framework\\src\\Illuminate\\Pipeline\\Pipeline.php(167): Illuminate\\Foundation\\Http\\Middleware\\TransformsRequest->handle()
#23 D:\
utnet-backend1\\vendor\\laravel\\framework\\src\\Illuminate\\Foundation\\Http\\Middleware\\ValidatePostSize.php(27): Illuminate\\Pipeline\\Pipeline->Illuminate\\Pipeline\\{closure}()
#24 D:\
utnet-backend1\\vendor\\laravel\\framework\\src\\Illuminate\\Pipeline\\Pipeline.php(167): Illuminate\\Foundation\\Http\\Middleware\\ValidatePostSize->handle()
#25 D:\
utnet-backend1\\vendor\\laravel\\framework\\src\\Illuminate\\Foundation\\Http\\Middleware\\PreventRequestsDuringMaintenance.php(87): Illuminate\\Pipeline\\Pipeline->Illuminate\\Pipeline\\{closure}()
#26 D:\
utnet-backend1\\vendor\\laravel\\framework\\src\\Illuminate\\Pipeline\\Pipeline.php(167): Illuminate\\Foundation\\Http\\Middleware\\PreventRequestsDuringMaintenance->handle()
#27 D:\
utnet-backend1\\vendor\\fruitcake\\laravel-cors\\src\\HandleCors.php(37): Illuminate\\Pipeline\\Pipeline->Illuminate\\Pipeline\\{closure}()
#28 D:\
utnet-backend1\\vendor\\laravel\\framework\\src\\Illuminate\\Pipeline\\Pipeline.php(167): Fruitcake\\Cors\\HandleCors->handle()
#29 D:\
utnet-backend1\\vendor\\fideloper\\proxy\\src\\TrustProxies.php(57): Illuminate\\Pipeline\\Pipeline->Illuminate\\Pipeline\\{closure}()
#30 D:\
utnet-backend1\\vendor\\laravel\\framework\\src\\Illuminate\\Pipeline\\Pipeline.php(167): Fideloper\\Proxy\\TrustProxies->handle()
#31 D:\
utnet-backend1\\vendor\\laravel\\framework\\src\\Illuminate\\Pipeline\\Pipeline.php(103): Illuminate\\Pipeline\\Pipeline->Illuminate\\Pipeline\\{closure}()
#32 D:\
utnet-backend1\\vendor\\laravel\\framework\\src\\Illuminate\\Foundation\\Http\\Kernel.php(141): Illuminate\\Pipeline\\Pipeline->then()
#33 D:\
utnet-backend1\\vendor\\laravel\\framework\\src\\Illuminate\\Foundation\\Http\\Kernel.php(110): Illuminate\\Foundation\\Http\\Kernel->sendRequestThroughRouter()
#34 D:\
utnet-backend1\\public\\index.php(52): Illuminate\\Foundation\\Http\\Kernel->handle()
#35 D:\
utnet-backend1\\server.php(21): require_once('D:\\\
utnet-backe...')
#36 {main}
"} 
